{"level":"error","reason":{"commonWireVersion":0,"compatible":true,"heartbeatFrequencyMS":10000,"localThresholdMS":15,"logicalSessionTimeoutMinutes":null,"maxElectionId":{"$oid":"7fffffff00000000000000ac"},"maxSetVersion":173,"servers":{"drivedb-shard-00-00.yzt3t.mongodb.net:27017":{"$clusterTime":null,"address":"drivedb-shard-00-00.yzt3t.mongodb.net:27017","arbiters":[],"electionId":null,"error":{},"hosts":[],"lastUpdateTime":715828792,"lastWriteDate":0,"logicalSessionTimeoutMinutes":null,"maxWireVersion":0,"me":null,"minRoundTripTime":0,"minWireVersion":0,"passives":[],"primary":null,"roundTripTime":-1,"setName":null,"setVersion":null,"tags":{},"topologyVersion":null,"type":"Unknown"},"drivedb-shard-00-01.yzt3t.mongodb.net:27017":{"$clusterTime":null,"address":"drivedb-shard-00-01.yzt3t.mongodb.net:27017","arbiters":[],"electionId":null,"error":{},"hosts":[],"lastUpdateTime":715828791,"lastWriteDate":0,"logicalSessionTimeoutMinutes":null,"maxWireVersion":0,"me":null,"minRoundTripTime":0,"minWireVersion":0,"passives":[],"primary":null,"roundTripTime":-1,"setName":null,"setVersion":null,"tags":{},"topologyVersion":null,"type":"Unknown"},"drivedb-shard-00-02.yzt3t.mongodb.net:27017":{"$clusterTime":null,"address":"drivedb-shard-00-02.yzt3t.mongodb.net:27017","arbiters":[],"electionId":null,"error":{},"hosts":[],"lastUpdateTime":715828792,"lastWriteDate":0,"logicalSessionTimeoutMinutes":null,"maxWireVersion":0,"me":null,"minRoundTripTime":0,"minWireVersion":0,"passives":[],"primary":null,"roundTripTime":-1,"setName":null,"setVersion":null,"tags":{},"topologyVersion":null,"type":"Unknown"}},"setName":"atlas-10ej55-shard-0","stale":false,"type":"ReplicaSetNoPrimary"},"timestamp":"2024-10-17T18:59:19.945Z"}
{"level":"error","reason":{"commonWireVersion":0,"compatible":true,"heartbeatFrequencyMS":10000,"localThresholdMS":15,"logicalSessionTimeoutMinutes":null,"maxElectionId":{"$oid":"7fffffff00000000000000ac"},"maxSetVersion":173,"servers":{"drivedb-shard-00-00.yzt3t.mongodb.net:27017":{"$clusterTime":null,"address":"drivedb-shard-00-00.yzt3t.mongodb.net:27017","arbiters":[],"electionId":null,"error":{},"hosts":[],"lastUpdateTime":715828792,"lastWriteDate":0,"logicalSessionTimeoutMinutes":null,"maxWireVersion":0,"me":null,"minRoundTripTime":0,"minWireVersion":0,"passives":[],"primary":null,"roundTripTime":-1,"setName":null,"setVersion":null,"tags":{},"topologyVersion":null,"type":"Unknown"},"drivedb-shard-00-01.yzt3t.mongodb.net:27017":{"$clusterTime":null,"address":"drivedb-shard-00-01.yzt3t.mongodb.net:27017","arbiters":[],"electionId":null,"error":{},"hosts":[],"lastUpdateTime":715828791,"lastWriteDate":0,"logicalSessionTimeoutMinutes":null,"maxWireVersion":0,"me":null,"minRoundTripTime":0,"minWireVersion":0,"passives":[],"primary":null,"roundTripTime":-1,"setName":null,"setVersion":null,"tags":{},"topologyVersion":null,"type":"Unknown"},"drivedb-shard-00-02.yzt3t.mongodb.net:27017":{"$clusterTime":null,"address":"drivedb-shard-00-02.yzt3t.mongodb.net:27017","arbiters":[],"electionId":null,"error":{},"hosts":[],"lastUpdateTime":715828792,"lastWriteDate":0,"logicalSessionTimeoutMinutes":null,"maxWireVersion":0,"me":null,"minRoundTripTime":0,"minWireVersion":0,"passives":[],"primary":null,"roundTripTime":-1,"setName":null,"setVersion":null,"tags":{},"topologyVersion":null,"type":"Unknown"}},"setName":"atlas-10ej55-shard-0","stale":false,"type":"ReplicaSetNoPrimary"},"timestamp":"2024-10-17T18:59:19.965Z"}
{"level":"error","reason":{"commonWireVersion":0,"compatible":true,"heartbeatFrequencyMS":10000,"localThresholdMS":15,"logicalSessionTimeoutMinutes":null,"maxElectionId":{"$oid":"7fffffff00000000000000ac"},"maxSetVersion":173,"servers":{"drivedb-shard-00-00.yzt3t.mongodb.net:27017":{"$clusterTime":null,"address":"drivedb-shard-00-00.yzt3t.mongodb.net:27017","arbiters":[],"electionId":null,"error":{},"hosts":[],"lastUpdateTime":715828792,"lastWriteDate":0,"logicalSessionTimeoutMinutes":null,"maxWireVersion":0,"me":null,"minRoundTripTime":0,"minWireVersion":0,"passives":[],"primary":null,"roundTripTime":-1,"setName":null,"setVersion":null,"tags":{},"topologyVersion":null,"type":"Unknown"},"drivedb-shard-00-01.yzt3t.mongodb.net:27017":{"$clusterTime":null,"address":"drivedb-shard-00-01.yzt3t.mongodb.net:27017","arbiters":[],"electionId":null,"error":{},"hosts":[],"lastUpdateTime":715828791,"lastWriteDate":0,"logicalSessionTimeoutMinutes":null,"maxWireVersion":0,"me":null,"minRoundTripTime":0,"minWireVersion":0,"passives":[],"primary":null,"roundTripTime":-1,"setName":null,"setVersion":null,"tags":{},"topologyVersion":null,"type":"Unknown"},"drivedb-shard-00-02.yzt3t.mongodb.net:27017":{"$clusterTime":null,"address":"drivedb-shard-00-02.yzt3t.mongodb.net:27017","arbiters":[],"electionId":null,"error":{},"hosts":[],"lastUpdateTime":715828792,"lastWriteDate":0,"logicalSessionTimeoutMinutes":null,"maxWireVersion":0,"me":null,"minRoundTripTime":0,"minWireVersion":0,"passives":[],"primary":null,"roundTripTime":-1,"setName":null,"setVersion":null,"tags":{},"topologyVersion":null,"type":"Unknown"}},"setName":"atlas-10ej55-shard-0","stale":false,"type":"ReplicaSetNoPrimary"},"timestamp":"2024-10-17T18:59:19.966Z"}
{"level":"error","message":"Otp is not matching","status":400,"timestamp":"2024-10-17T19:01:00.289Z"}
{"level":"error","message":"Otp is not matching","status":400,"timestamp":"2024-10-17T19:01:00.291Z"}
{"level":"error","message":"Bad Request","status":400,"timestamp":"2024-10-17T19:17:47.381Z"}
{"level":"error","message":"Bad Request","status":400,"timestamp":"2024-10-17T19:17:47.385Z"}
{"level":"error","message":"Bad Request","status":400,"timestamp":"2024-10-17T19:18:23.096Z"}
{"level":"error","message":"Bad Request","status":400,"timestamp":"2024-10-17T19:18:23.100Z"}
{"level":"error","message":"Bad Request","status":400,"timestamp":"2024-10-17T19:21:29.132Z"}
{"level":"error","message":"Bad Request","status":400,"timestamp":"2024-10-17T19:21:29.136Z"}
{"level":"error","message":"Otp Session has Expired","status":400,"timestamp":"2024-10-17T19:27:29.798Z"}
{"level":"error","message":"Otp Session has Expired","status":400,"timestamp":"2024-10-17T19:27:29.802Z"}
{"level":"error","message":"Otp Session has Expired","status":400,"timestamp":"2024-10-17T19:31:18.513Z"}
{"level":"error","message":"Otp Session has Expired","status":400,"timestamp":"2024-10-17T19:31:18.517Z"}
{"level":"error","message":"Otp Session has Expired","status":400,"timestamp":"2024-10-17T19:35:37.249Z"}
{"level":"error","message":"Otp Session has Expired","status":400,"timestamp":"2024-10-17T19:35:37.253Z"}
{"level":"error","message":"Bad Request","status":400,"timestamp":"2024-10-17T19:35:41.641Z"}
{"level":"error","message":"Bad Request","status":400,"timestamp":"2024-10-17T19:41:02.847Z"}
{"level":"error","message":"Bad Request","status":400,"timestamp":"2024-10-17T19:44:12.930Z"}
{"level":"error","message":"Bad Request","status":400,"timestamp":"2024-10-17T19:48:04.617Z"}
{"level":"error","message":"Bad Request","status":400,"timestamp":"2024-10-17T19:54:36.291Z"}
{"level":"error","message":"Bad Request","status":400,"timestamp":"2024-10-17T20:03:37.529Z"}
{"level":"error","message":"Bad Request","status":400,"timestamp":"2024-10-17T20:07:53.703Z"}
{"level":"error","message":"Invalid Password","status":403,"timestamp":"2024-10-19T05:10:44.007Z"}
{"level":"error","message":"Invalid Password","status":403,"timestamp":"2024-10-19T05:10:44.010Z"}
{"level":"error","message":"Invalid Password","status":403,"timestamp":"2024-10-19T05:10:48.771Z"}
{"level":"error","message":"Invalid Password","status":403,"timestamp":"2024-10-19T05:10:48.773Z"}
{"level":"error","reason":{"commonWireVersion":0,"compatible":true,"heartbeatFrequencyMS":10000,"localThresholdMS":15,"logicalSessionTimeoutMinutes":null,"maxElectionId":{"$oid":"7fffffff00000000000000ac"},"maxSetVersion":173,"servers":{"drivedb-shard-00-00.yzt3t.mongodb.net:27017":{"$clusterTime":null,"address":"drivedb-shard-00-00.yzt3t.mongodb.net:27017","arbiters":[],"electionId":null,"error":{},"hosts":[],"lastUpdateTime":105842518,"lastWriteDate":0,"logicalSessionTimeoutMinutes":null,"maxWireVersion":0,"me":null,"minRoundTripTime":0,"minWireVersion":0,"passives":[],"primary":null,"roundTripTime":-1,"setName":null,"setVersion":null,"tags":{},"topologyVersion":null,"type":"Unknown"},"drivedb-shard-00-01.yzt3t.mongodb.net:27017":{"$clusterTime":null,"address":"drivedb-shard-00-01.yzt3t.mongodb.net:27017","arbiters":[],"electionId":null,"error":{},"hosts":[],"lastUpdateTime":105842519,"lastWriteDate":0,"logicalSessionTimeoutMinutes":null,"maxWireVersion":0,"me":null,"minRoundTripTime":0,"minWireVersion":0,"passives":[],"primary":null,"roundTripTime":-1,"setName":null,"setVersion":null,"tags":{},"topologyVersion":null,"type":"Unknown"},"drivedb-shard-00-02.yzt3t.mongodb.net:27017":{"$clusterTime":null,"address":"drivedb-shard-00-02.yzt3t.mongodb.net:27017","arbiters":[],"electionId":null,"error":{},"hosts":[],"lastUpdateTime":105842519,"lastWriteDate":0,"logicalSessionTimeoutMinutes":null,"maxWireVersion":0,"me":null,"minRoundTripTime":0,"minWireVersion":0,"passives":[],"primary":null,"roundTripTime":-1,"setName":null,"setVersion":null,"tags":{},"topologyVersion":null,"type":"Unknown"}},"setName":"atlas-10ej55-shard-0","stale":false,"type":"ReplicaSetNoPrimary"},"timestamp":"2024-10-20T08:48:03.328Z"}
{"level":"error","reason":{"commonWireVersion":0,"compatible":true,"heartbeatFrequencyMS":10000,"localThresholdMS":15,"logicalSessionTimeoutMinutes":null,"maxElectionId":{"$oid":"7fffffff00000000000000ac"},"maxSetVersion":173,"servers":{"drivedb-shard-00-00.yzt3t.mongodb.net:27017":{"$clusterTime":null,"address":"drivedb-shard-00-00.yzt3t.mongodb.net:27017","arbiters":[],"electionId":null,"error":{},"hosts":[],"lastUpdateTime":105842518,"lastWriteDate":0,"logicalSessionTimeoutMinutes":null,"maxWireVersion":0,"me":null,"minRoundTripTime":0,"minWireVersion":0,"passives":[],"primary":null,"roundTripTime":-1,"setName":null,"setVersion":null,"tags":{},"topologyVersion":null,"type":"Unknown"},"drivedb-shard-00-01.yzt3t.mongodb.net:27017":{"$clusterTime":null,"address":"drivedb-shard-00-01.yzt3t.mongodb.net:27017","arbiters":[],"electionId":null,"error":{},"hosts":[],"lastUpdateTime":105842519,"lastWriteDate":0,"logicalSessionTimeoutMinutes":null,"maxWireVersion":0,"me":null,"minRoundTripTime":0,"minWireVersion":0,"passives":[],"primary":null,"roundTripTime":-1,"setName":null,"setVersion":null,"tags":{},"topologyVersion":null,"type":"Unknown"},"drivedb-shard-00-02.yzt3t.mongodb.net:27017":{"$clusterTime":null,"address":"drivedb-shard-00-02.yzt3t.mongodb.net:27017","arbiters":[],"electionId":null,"error":{},"hosts":[],"lastUpdateTime":105842519,"lastWriteDate":0,"logicalSessionTimeoutMinutes":null,"maxWireVersion":0,"me":null,"minRoundTripTime":0,"minWireVersion":0,"passives":[],"primary":null,"roundTripTime":-1,"setName":null,"setVersion":null,"tags":{},"topologyVersion":null,"type":"Unknown"}},"setName":"atlas-10ej55-shard-0","stale":false,"type":"ReplicaSetNoPrimary"},"timestamp":"2024-10-20T08:48:03.339Z"}
{"level":"error","reason":{"commonWireVersion":0,"compatible":true,"heartbeatFrequencyMS":10000,"localThresholdMS":15,"logicalSessionTimeoutMinutes":null,"maxElectionId":{"$oid":"7fffffff00000000000000ac"},"maxSetVersion":173,"servers":{"drivedb-shard-00-00.yzt3t.mongodb.net:27017":{"$clusterTime":null,"address":"drivedb-shard-00-00.yzt3t.mongodb.net:27017","arbiters":[],"electionId":null,"error":{},"hosts":[],"lastUpdateTime":105842518,"lastWriteDate":0,"logicalSessionTimeoutMinutes":null,"maxWireVersion":0,"me":null,"minRoundTripTime":0,"minWireVersion":0,"passives":[],"primary":null,"roundTripTime":-1,"setName":null,"setVersion":null,"tags":{},"topologyVersion":null,"type":"Unknown"},"drivedb-shard-00-01.yzt3t.mongodb.net:27017":{"$clusterTime":null,"address":"drivedb-shard-00-01.yzt3t.mongodb.net:27017","arbiters":[],"electionId":null,"error":{},"hosts":[],"lastUpdateTime":105842519,"lastWriteDate":0,"logicalSessionTimeoutMinutes":null,"maxWireVersion":0,"me":null,"minRoundTripTime":0,"minWireVersion":0,"passives":[],"primary":null,"roundTripTime":-1,"setName":null,"setVersion":null,"tags":{},"topologyVersion":null,"type":"Unknown"},"drivedb-shard-00-02.yzt3t.mongodb.net:27017":{"$clusterTime":null,"address":"drivedb-shard-00-02.yzt3t.mongodb.net:27017","arbiters":[],"electionId":null,"error":{},"hosts":[],"lastUpdateTime":105842519,"lastWriteDate":0,"logicalSessionTimeoutMinutes":null,"maxWireVersion":0,"me":null,"minRoundTripTime":0,"minWireVersion":0,"passives":[],"primary":null,"roundTripTime":-1,"setName":null,"setVersion":null,"tags":{},"topologyVersion":null,"type":"Unknown"}},"setName":"atlas-10ej55-shard-0","stale":false,"type":"ReplicaSetNoPrimary"},"timestamp":"2024-10-20T08:48:03.351Z"}
{"level":"error","reason":{"commonWireVersion":0,"compatible":true,"heartbeatFrequencyMS":10000,"localThresholdMS":15,"logicalSessionTimeoutMinutes":null,"maxElectionId":{"$oid":"7fffffff00000000000000ac"},"maxSetVersion":173,"servers":{"drivedb-shard-00-00.yzt3t.mongodb.net:27017":{"$clusterTime":null,"address":"drivedb-shard-00-00.yzt3t.mongodb.net:27017","arbiters":[],"electionId":null,"error":{},"hosts":[],"lastUpdateTime":105845085,"lastWriteDate":0,"logicalSessionTimeoutMinutes":null,"maxWireVersion":0,"me":null,"minRoundTripTime":0,"minWireVersion":0,"passives":[],"primary":null,"roundTripTime":-1,"setName":null,"setVersion":null,"tags":{},"topologyVersion":null,"type":"Unknown"},"drivedb-shard-00-01.yzt3t.mongodb.net:27017":{"$clusterTime":null,"address":"drivedb-shard-00-01.yzt3t.mongodb.net:27017","arbiters":[],"electionId":null,"error":{},"hosts":[],"lastUpdateTime":105845085,"lastWriteDate":0,"logicalSessionTimeoutMinutes":null,"maxWireVersion":0,"me":null,"minRoundTripTime":0,"minWireVersion":0,"passives":[],"primary":null,"roundTripTime":-1,"setName":null,"setVersion":null,"tags":{},"topologyVersion":null,"type":"Unknown"},"drivedb-shard-00-02.yzt3t.mongodb.net:27017":{"$clusterTime":null,"address":"drivedb-shard-00-02.yzt3t.mongodb.net:27017","arbiters":[],"electionId":null,"error":{},"hosts":[],"lastUpdateTime":105845085,"lastWriteDate":0,"logicalSessionTimeoutMinutes":null,"maxWireVersion":0,"me":null,"minRoundTripTime":0,"minWireVersion":0,"passives":[],"primary":null,"roundTripTime":-1,"setName":null,"setVersion":null,"tags":{},"topologyVersion":null,"type":"Unknown"}},"setName":"atlas-10ej55-shard-0","stale":false,"type":"ReplicaSetNoPrimary"},"timestamp":"2024-10-20T08:48:06.196Z"}
{"level":"error","reason":{"commonWireVersion":0,"compatible":true,"heartbeatFrequencyMS":10000,"localThresholdMS":15,"logicalSessionTimeoutMinutes":null,"maxElectionId":{"$oid":"7fffffff00000000000000ac"},"maxSetVersion":173,"servers":{"drivedb-shard-00-00.yzt3t.mongodb.net:27017":{"$clusterTime":null,"address":"drivedb-shard-00-00.yzt3t.mongodb.net:27017","arbiters":[],"electionId":null,"error":{},"hosts":[],"lastUpdateTime":105845085,"lastWriteDate":0,"logicalSessionTimeoutMinutes":null,"maxWireVersion":0,"me":null,"minRoundTripTime":0,"minWireVersion":0,"passives":[],"primary":null,"roundTripTime":-1,"setName":null,"setVersion":null,"tags":{},"topologyVersion":null,"type":"Unknown"},"drivedb-shard-00-01.yzt3t.mongodb.net:27017":{"$clusterTime":null,"address":"drivedb-shard-00-01.yzt3t.mongodb.net:27017","arbiters":[],"electionId":null,"error":{},"hosts":[],"lastUpdateTime":105845085,"lastWriteDate":0,"logicalSessionTimeoutMinutes":null,"maxWireVersion":0,"me":null,"minRoundTripTime":0,"minWireVersion":0,"passives":[],"primary":null,"roundTripTime":-1,"setName":null,"setVersion":null,"tags":{},"topologyVersion":null,"type":"Unknown"},"drivedb-shard-00-02.yzt3t.mongodb.net:27017":{"$clusterTime":null,"address":"drivedb-shard-00-02.yzt3t.mongodb.net:27017","arbiters":[],"electionId":null,"error":{},"hosts":[],"lastUpdateTime":105845085,"lastWriteDate":0,"logicalSessionTimeoutMinutes":null,"maxWireVersion":0,"me":null,"minRoundTripTime":0,"minWireVersion":0,"passives":[],"primary":null,"roundTripTime":-1,"setName":null,"setVersion":null,"tags":{},"topologyVersion":null,"type":"Unknown"}},"setName":"atlas-10ej55-shard-0","stale":false,"type":"ReplicaSetNoPrimary"},"timestamp":"2024-10-20T08:48:06.209Z"}
{"level":"error","reason":{"commonWireVersion":0,"compatible":true,"heartbeatFrequencyMS":10000,"localThresholdMS":15,"logicalSessionTimeoutMinutes":null,"maxElectionId":{"$oid":"7fffffff00000000000000ac"},"maxSetVersion":173,"servers":{"drivedb-shard-00-00.yzt3t.mongodb.net:27017":{"$clusterTime":null,"address":"drivedb-shard-00-00.yzt3t.mongodb.net:27017","arbiters":[],"electionId":null,"error":{},"hosts":[],"lastUpdateTime":105845085,"lastWriteDate":0,"logicalSessionTimeoutMinutes":null,"maxWireVersion":0,"me":null,"minRoundTripTime":0,"minWireVersion":0,"passives":[],"primary":null,"roundTripTime":-1,"setName":null,"setVersion":null,"tags":{},"topologyVersion":null,"type":"Unknown"},"drivedb-shard-00-01.yzt3t.mongodb.net:27017":{"$clusterTime":null,"address":"drivedb-shard-00-01.yzt3t.mongodb.net:27017","arbiters":[],"electionId":null,"error":{},"hosts":[],"lastUpdateTime":105845085,"lastWriteDate":0,"logicalSessionTimeoutMinutes":null,"maxWireVersion":0,"me":null,"minRoundTripTime":0,"minWireVersion":0,"passives":[],"primary":null,"roundTripTime":-1,"setName":null,"setVersion":null,"tags":{},"topologyVersion":null,"type":"Unknown"},"drivedb-shard-00-02.yzt3t.mongodb.net:27017":{"$clusterTime":null,"address":"drivedb-shard-00-02.yzt3t.mongodb.net:27017","arbiters":[],"electionId":null,"error":{},"hosts":[],"lastUpdateTime":105845085,"lastWriteDate":0,"logicalSessionTimeoutMinutes":null,"maxWireVersion":0,"me":null,"minRoundTripTime":0,"minWireVersion":0,"passives":[],"primary":null,"roundTripTime":-1,"setName":null,"setVersion":null,"tags":{},"topologyVersion":null,"type":"Unknown"}},"setName":"atlas-10ej55-shard-0","stale":false,"type":"ReplicaSetNoPrimary"},"timestamp":"2024-10-20T08:48:06.224Z"}
{"level":"error","message":"You are Unauthorized to this page","status":401,"timestamp":"2024-10-21T05:23:05.760Z"}
{"level":"error","message":"You are Unauthorized to this page","status":401,"timestamp":"2024-10-21T05:23:05.763Z"}
{"level":"error","message":"You are Unauthorized to this page","status":401,"timestamp":"2024-10-21T05:23:11.114Z"}
{"level":"error","message":"You are Unauthorized to this page","status":401,"timestamp":"2024-10-21T05:23:11.116Z"}
{"expiredAt":"2024-10-23T05:25:16.000Z","level":"error","message":"jwt expired","name":"TokenExpiredError","timestamp":"2024-11-09T14:48:02.853Z"}
{"expiredAt":"2024-10-23T05:25:16.000Z","level":"error","message":"jwt expired","name":"TokenExpiredError","timestamp":"2024-11-09T14:48:02.861Z"}
{"level":"error","message":"err Could not connect to any servers in your MongoDB Atlas cluster. One common reason is that you're trying to access the database from an IP that isn't whitelisted. Make sure your current IP address is on your Atlas cluster's IP whitelist: https://www.mongodb.com/docs/atlas/security-whitelist/","reason":{"commonWireVersion":0,"compatible":true,"heartbeatFrequencyMS":10000,"localThresholdMS":15,"logicalSessionTimeoutMinutes":null,"maxElectionId":null,"maxSetVersion":null,"servers":{"drivedb-shard-00-00.yzt3t.mongodb.net:27017":{"$clusterTime":null,"address":"drivedb-shard-00-00.yzt3t.mongodb.net:27017","arbiters":[],"electionId":null,"error":{},"hosts":[],"lastUpdateTime":676995486,"lastWriteDate":0,"logicalSessionTimeoutMinutes":null,"maxWireVersion":0,"me":null,"minRoundTripTime":0,"minWireVersion":0,"passives":[],"primary":null,"roundTripTime":-1,"setName":null,"setVersion":null,"tags":{},"topologyVersion":null,"type":"Unknown"},"drivedb-shard-00-01.yzt3t.mongodb.net:27017":{"$clusterTime":null,"address":"drivedb-shard-00-01.yzt3t.mongodb.net:27017","arbiters":[],"electionId":null,"error":{},"hosts":[],"lastUpdateTime":676995486,"lastWriteDate":0,"logicalSessionTimeoutMinutes":null,"maxWireVersion":0,"me":null,"minRoundTripTime":0,"minWireVersion":0,"passives":[],"primary":null,"roundTripTime":-1,"setName":null,"setVersion":null,"tags":{},"topologyVersion":null,"type":"Unknown"},"drivedb-shard-00-02.yzt3t.mongodb.net:27017":{"$clusterTime":null,"address":"drivedb-shard-00-02.yzt3t.mongodb.net:27017","arbiters":[],"electionId":null,"error":{},"hosts":[],"lastUpdateTime":676995486,"lastWriteDate":0,"logicalSessionTimeoutMinutes":null,"maxWireVersion":0,"me":null,"minRoundTripTime":0,"minWireVersion":0,"passives":[],"primary":null,"roundTripTime":-1,"setName":null,"setVersion":null,"tags":{},"topologyVersion":null,"type":"Unknown"}},"setName":"atlas-10ej55-shard-0","stale":false,"type":"ReplicaSetNoPrimary"},"stack":"MongooseServerSelectionError: Could not connect to any servers in your MongoDB Atlas cluster. One common reason is that you're trying to access the database from an IP that isn't whitelisted. Make sure your current IP address is on your Atlas cluster's IP whitelist: https://www.mongodb.com/docs/atlas/security-whitelist/\n    at _handleConnectionErrors (C:\\DriveDevelopment\\auth-service\\node_modules\\mongoose\\lib\\connection.js:897:11)\n    at NativeConnection.openUri (C:\\DriveDevelopment\\auth-service\\node_modules\\mongoose\\lib\\connection.js:848:11)\n    at runNextTicks (node:internal/process/task_queues:60:5)\n    at listOnTimeout (node:internal/timers:540:9)\n    at process.processTimers (node:internal/timers:514:7)\n    at async dbConnect (file:///C:/DriveDevelopment/auth-service/src/config/dbConnect.js:7:24)","timestamp":"2024-11-10T08:24:54.792Z"}
{"level":"error","message":"Driver credentials  Already Exist","status":409,"timestamp":"2024-11-10T09:12:51.446Z"}
{"level":"error","message":"Driver credentials  Already Exist","status":409,"timestamp":"2024-11-10T09:12:51.451Z"}
{"level":"error","message":"Driver credentials  Already Exist","status":409,"timestamp":"2024-11-10T09:13:28.397Z"}
{"level":"error","message":"Driver credentials  Already Exist","status":409,"timestamp":"2024-11-10T09:13:28.399Z"}
{"level":"error","message":"No access Token","status":400,"timestamp":"2024-11-10T09:36:52.106Z"}
{"level":"error","message":"No access Token","status":400,"timestamp":"2024-11-10T09:36:53.609Z"}
{"kind":"ObjectId","level":"error","path":"_id","reason":{},"stringValue":"\"{ _id: 'undefined' }\"","timestamp":"2024-11-10T10:36:07.401Z","value":{"_id":"undefined"},"valueType":"Object"}
{"kind":"ObjectId","level":"error","path":"_id","reason":{},"stringValue":"\"{ _id: 'undefined' }\"","timestamp":"2024-11-10T10:36:07.411Z","value":{"_id":"undefined"},"valueType":"Object"}
{"kind":"ObjectId","level":"error","path":"_id","reason":{},"stringValue":"\"{ _id: 'undefined' }\"","timestamp":"2024-11-10T10:36:07.411Z","value":{"_id":"undefined"},"valueType":"Object"}
{"kind":"ObjectId","level":"error","path":"_id","reason":{},"stringValue":"\"{ _id: 'undefined' }\"","timestamp":"2024-11-10T10:38:58.141Z","value":{"_id":"undefined"},"valueType":"Object"}
{"kind":"ObjectId","level":"error","path":"_id","reason":{},"stringValue":"\"{ _id: 'undefined' }\"","timestamp":"2024-11-10T10:38:58.152Z","value":{"_id":"undefined"},"valueType":"Object"}
{"kind":"ObjectId","level":"error","path":"_id","reason":{},"stringValue":"\"{ _id: 'undefined' }\"","timestamp":"2024-11-10T10:38:58.152Z","value":{"_id":"undefined"},"valueType":"Object"}
{"level":"error","message":"UnAuthorized","status":403,"timestamp":"2024-11-10T12:05:18.774Z"}
{"level":"error","message":"UnAuthorized","status":403,"timestamp":"2024-11-10T12:05:18.780Z"}
{"level":"error","message":"Profile under verification","status":403,"timestamp":"2024-11-10T12:17:06.485Z"}
{"level":"error","message":"Profile under verification","status":403,"timestamp":"2024-11-10T12:17:06.488Z"}
{"level":"error","message":"Your Accoount has Been Blocked Temporarily","status":403,"timestamp":"2024-11-10T12:17:34.026Z"}
{"level":"error","message":"Your Accoount has Been Blocked Temporarily","status":403,"timestamp":"2024-11-10T12:17:34.028Z"}
{"level":"error","message":"You are Unauthorized to this page","status":401,"timestamp":"2024-11-10T12:18:02.292Z"}
{"level":"error","message":"You are Unauthorized to this page","status":401,"timestamp":"2024-11-10T12:18:02.294Z"}
{"level":"error","message":"You are Unauthorized to this page","status":401,"timestamp":"2024-11-10T12:18:08.437Z"}
{"level":"error","message":"You are Unauthorized to this page","status":401,"timestamp":"2024-11-10T12:18:08.439Z"}
{"level":"error","message":"You are Unauthorized to this page","status":401,"timestamp":"2024-11-10T12:18:19.149Z"}
{"level":"error","message":"You are Unauthorized to this page","status":401,"timestamp":"2024-11-10T12:18:19.152Z"}
{"level":"error","message":"You are Unauthorized to this page","status":401,"timestamp":"2024-11-10T12:18:24.715Z"}
{"level":"error","message":"You are Unauthorized to this page","status":401,"timestamp":"2024-11-10T12:18:24.716Z"}
{"level":"error","message":"Your Accoount has Been Blocked Temporarily","status":403,"timestamp":"2024-11-10T12:21:24.538Z"}
{"level":"error","message":"Your Accoount has Been Blocked Temporarily","status":403,"timestamp":"2024-11-10T12:21:24.540Z"}
{"level":"error","message":"OTP is not Matching","status":400,"timestamp":"2024-11-21T15:51:31.941Z"}
{"level":"error","message":"OTP is not Matching","status":400,"timestamp":"2024-11-21T15:51:31.945Z"}
{"level":"error","message":"No access Token","status":400,"timestamp":"2024-11-21T15:51:51.607Z"}
{"level":"error","message":"OTP is not Matching","status":400,"timestamp":"2024-11-21T17:38:24.948Z"}
{"level":"error","message":"OTP is not Matching","status":400,"timestamp":"2024-11-21T17:38:24.953Z"}
{"level":"error","message":"err Could not connect to any servers in your MongoDB Atlas cluster. One common reason is that you're trying to access the database from an IP that isn't whitelisted. Make sure your current IP address is on your Atlas cluster's IP whitelist: https://www.mongodb.com/docs/atlas/security-whitelist/","reason":{"commonWireVersion":0,"compatible":true,"heartbeatFrequencyMS":10000,"localThresholdMS":15,"logicalSessionTimeoutMinutes":null,"maxElectionId":null,"maxSetVersion":null,"servers":{"drivedb-shard-00-00.yzt3t.mongodb.net:27017":{"$clusterTime":null,"address":"drivedb-shard-00-00.yzt3t.mongodb.net:27017","arbiters":[],"electionId":null,"error":{},"hosts":[],"lastUpdateTime":1690176922,"lastWriteDate":0,"logicalSessionTimeoutMinutes":null,"maxWireVersion":0,"me":null,"minRoundTripTime":0,"minWireVersion":0,"passives":[],"primary":null,"roundTripTime":-1,"setName":null,"setVersion":null,"tags":{},"topologyVersion":null,"type":"Unknown"},"drivedb-shard-00-01.yzt3t.mongodb.net:27017":{"$clusterTime":null,"address":"drivedb-shard-00-01.yzt3t.mongodb.net:27017","arbiters":[],"electionId":null,"error":{},"hosts":[],"lastUpdateTime":1690176922,"lastWriteDate":0,"logicalSessionTimeoutMinutes":null,"maxWireVersion":0,"me":null,"minRoundTripTime":0,"minWireVersion":0,"passives":[],"primary":null,"roundTripTime":-1,"setName":null,"setVersion":null,"tags":{},"topologyVersion":null,"type":"Unknown"},"drivedb-shard-00-02.yzt3t.mongodb.net:27017":{"$clusterTime":null,"address":"drivedb-shard-00-02.yzt3t.mongodb.net:27017","arbiters":[],"electionId":null,"error":{},"hosts":[],"lastUpdateTime":1690176921,"lastWriteDate":0,"logicalSessionTimeoutMinutes":null,"maxWireVersion":0,"me":null,"minRoundTripTime":0,"minWireVersion":0,"passives":[],"primary":null,"roundTripTime":-1,"setName":null,"setVersion":null,"tags":{},"topologyVersion":null,"type":"Unknown"}},"setName":"atlas-10ej55-shard-0","stale":false,"type":"ReplicaSetNoPrimary"},"stack":"MongooseServerSelectionError: Could not connect to any servers in your MongoDB Atlas cluster. One common reason is that you're trying to access the database from an IP that isn't whitelisted. Make sure your current IP address is on your Atlas cluster's IP whitelist: https://www.mongodb.com/docs/atlas/security-whitelist/\n    at _handleConnectionErrors (C:\\DriveDevelopment\\auth-service\\node_modules\\mongoose\\lib\\connection.js:897:11)\n    at NativeConnection.openUri (C:\\DriveDevelopment\\auth-service\\node_modules\\mongoose\\lib\\connection.js:848:11)\n    at async dbConnect (file:///C:/DriveDevelopment/auth-service/src/config/dbConnect.js:7:24)","timestamp":"2024-11-22T01:51:36.521Z"}
{"level":"error","message":"OTP is not Matching","status":400,"timestamp":"2024-11-23T08:04:04.712Z"}
{"level":"error","message":"OTP is not Matching","status":400,"timestamp":"2024-11-23T08:04:04.713Z"}
{"level":"error","message":"OTP is not Matching","status":400,"timestamp":"2024-11-23T08:07:35.571Z"}
{"level":"error","message":"OTP is not Matching","status":400,"timestamp":"2024-11-23T08:07:35.572Z"}
{"level":"error","message":"Otp Session has Expired","status":400,"timestamp":"2024-11-23T08:39:01.286Z"}
{"level":"error","message":"Otp Session has Expired","status":400,"timestamp":"2024-11-23T08:39:01.289Z"}
{"level":"error","message":"OTP is not Matching","status":400,"timestamp":"2024-11-23T08:39:29.451Z"}
{"level":"error","message":"OTP is not Matching","status":400,"timestamp":"2024-11-23T08:39:29.454Z"}
{"level":"error","message":"OTP is not Matching","status":400,"timestamp":"2024-11-23T08:40:37.521Z"}
{"level":"error","message":"OTP is not Matching","status":400,"timestamp":"2024-11-23T08:40:37.523Z"}
{"level":"error","message":"Otp Session has Expired","status":400,"timestamp":"2024-11-23T08:42:58.526Z"}
{"level":"error","message":"Otp Session has Expired","status":400,"timestamp":"2024-11-23T08:42:58.532Z"}
{"level":"error","message":"Otp Session has Expired","status":400,"timestamp":"2024-11-23T08:45:11.890Z"}
{"level":"error","message":"Otp Session has Expired","status":400,"timestamp":"2024-11-23T08:45:11.894Z"}
{"level":"error","message":"Otp Session has Expired","status":400,"timestamp":"2024-11-23T08:45:25.764Z"}
{"level":"error","message":"Otp Session has Expired","status":400,"timestamp":"2024-11-23T08:45:25.768Z"}
{"level":"error","message":"OTP is not Matching","status":400,"timestamp":"2024-11-23T08:47:55.823Z"}
{"level":"error","message":"OTP is not Matching","status":400,"timestamp":"2024-11-23T08:47:55.824Z"}
{"level":"error","message":"Otp Session has Expired","status":400,"timestamp":"2024-11-23T08:49:16.413Z"}
{"level":"error","message":"Otp Session has Expired","status":400,"timestamp":"2024-11-23T08:49:16.418Z"}
{"level":"error","message":"OTP is not Matching","status":400,"timestamp":"2024-11-23T08:50:49.603Z"}
{"level":"error","message":"OTP is not Matching","status":400,"timestamp":"2024-11-23T08:50:49.605Z"}
{"level":"error","message":"OTP is not Matching","status":400,"timestamp":"2024-11-23T08:53:06.402Z"}
{"level":"error","message":"OTP is not Matching","status":400,"timestamp":"2024-11-23T08:53:06.404Z"}
{"level":"error","message":"OTP is not Matching","status":400,"timestamp":"2024-11-23T08:55:41.316Z"}
{"level":"error","message":"OTP is not Matching","status":400,"timestamp":"2024-11-23T08:55:41.318Z"}
{"level":"error","message":"Driver credentials  Already Exist","status":409,"timestamp":"2024-11-23T15:38:20.459Z"}
{"level":"error","message":"Driver credentials  Already Exist","status":409,"timestamp":"2024-11-23T15:38:20.461Z"}
{"level":"error","message":"Driver credentials  Already Exist","status":409,"timestamp":"2024-11-23T15:40:09.333Z"}
{"level":"error","message":"Driver credentials  Already Exist","status":409,"timestamp":"2024-11-23T15:40:09.334Z"}
{"level":"error","message":"Driver credentials  Already Exist","status":409,"timestamp":"2024-11-23T15:40:21.545Z"}
{"level":"error","message":"Driver credentials  Already Exist","status":409,"timestamp":"2024-11-23T15:40:21.547Z"}
{"level":"error","message":"Profile under verification","status":403,"timestamp":"2024-11-23T15:41:35.924Z"}
{"level":"error","message":"Profile under verification","status":403,"timestamp":"2024-11-23T15:41:35.926Z"}
{"level":"error","message":"Profile under verification","status":403,"timestamp":"2024-11-23T15:42:47.783Z"}
{"level":"error","message":"Profile under verification","status":403,"timestamp":"2024-11-23T15:42:47.784Z"}
{"level":"error","message":"Profile under verification","status":403,"timestamp":"2024-11-23T15:42:55.378Z"}
{"level":"error","message":"Profile under verification","status":403,"timestamp":"2024-11-23T15:42:55.380Z"}
{"level":"error","message":"Profile under verification","status":403,"timestamp":"2024-11-23T15:42:56.993Z"}
{"level":"error","message":"Profile under verification","status":403,"timestamp":"2024-11-23T15:42:56.994Z"}
{"level":"error","message":"Profile under verification","status":403,"timestamp":"2024-11-23T15:43:02.443Z"}
{"level":"error","message":"Profile under verification","status":403,"timestamp":"2024-11-23T15:43:02.444Z"}
{"level":"error","message":"Profile under verification","status":403,"timestamp":"2024-11-23T15:43:13.825Z"}
{"level":"error","message":"Profile under verification","status":403,"timestamp":"2024-11-23T15:43:13.826Z"}
{"level":"error","message":"Profile under verification","status":403,"timestamp":"2024-11-23T15:43:18.920Z"}
{"level":"error","message":"Profile under verification","status":403,"timestamp":"2024-11-23T15:43:18.922Z"}
{"level":"error","message":"Profile under verification","status":403,"timestamp":"2024-11-23T15:43:38.474Z"}
{"level":"error","message":"Profile under verification","status":403,"timestamp":"2024-11-23T15:43:38.477Z"}
{"level":"error","message":"Profile under verification","status":403,"timestamp":"2024-11-23T15:44:47.916Z"}
{"level":"error","message":"Profile under verification","status":403,"timestamp":"2024-11-23T15:44:47.917Z"}
{"level":"error","message":"Profile under verification","status":403,"timestamp":"2024-11-23T15:44:54.807Z"}
{"level":"error","message":"Profile under verification","status":403,"timestamp":"2024-11-23T15:44:54.809Z"}
{"level":"error","message":"Profile under verification","status":403,"timestamp":"2024-11-23T15:46:26.238Z"}
{"level":"error","message":"Profile under verification","status":403,"timestamp":"2024-11-23T15:46:26.240Z"}
{"level":"error","message":"Profile under verification","status":403,"timestamp":"2024-11-23T15:46:48.864Z"}
{"level":"error","message":"Profile under verification","status":403,"timestamp":"2024-11-23T15:46:48.865Z"}
{"level":"error","message":"Profile under verification","status":403,"timestamp":"2024-11-23T15:48:43.579Z"}
{"level":"error","message":"Profile under verification","status":403,"timestamp":"2024-11-23T15:48:43.580Z"}
{"level":"error","message":"Profile under verification","status":403,"timestamp":"2024-11-23T15:48:49.253Z"}
{"level":"error","message":"Profile under verification","status":403,"timestamp":"2024-11-23T15:48:49.255Z"}
{"level":"error","message":"Profile under verification","status":403,"timestamp":"2024-11-23T15:50:02.432Z"}
{"level":"error","message":"Profile under verification","status":403,"timestamp":"2024-11-23T15:50:02.436Z"}
{"level":"error","message":"Profile under verification","status":403,"timestamp":"2024-11-23T15:50:06.977Z"}
{"level":"error","message":"Profile under verification","status":403,"timestamp":"2024-11-23T15:50:06.979Z"}
{"level":"error","message":"Profile under verification","status":403,"timestamp":"2024-11-23T15:50:22.823Z"}
{"level":"error","message":"Profile under verification","status":403,"timestamp":"2024-11-23T15:50:22.825Z"}
{"level":"error","message":"Profile under verification","status":403,"timestamp":"2024-11-23T15:51:10.602Z"}
{"level":"error","message":"Profile under verification","status":403,"timestamp":"2024-11-23T15:51:10.604Z"}
{"level":"error","message":"Profile under verification","status":403,"timestamp":"2024-11-23T15:51:13.280Z"}
{"level":"error","message":"Profile under verification","status":403,"timestamp":"2024-11-23T15:51:13.281Z"}
{"expiredAt":"2024-10-11T01:27:25.000Z","level":"error","message":"jwt expired","name":"TokenExpiredError","timestamp":"2024-11-23T15:51:48.404Z"}
{"expiredAt":"2024-10-11T01:27:25.000Z","level":"error","message":"jwt expired","name":"TokenExpiredError","timestamp":"2024-11-23T15:51:48.409Z"}
{"level":"error","message":"No Token","status":400,"timestamp":"2024-11-23T15:51:48.437Z"}
{"level":"error","message":"No Token","status":400,"timestamp":"2024-11-23T15:51:48.447Z"}
{"level":"error","message":"No Token","status":400,"timestamp":"2024-11-23T15:51:48.455Z"}
{"level":"error","message":"Password is Not Matching","status":401,"timestamp":"2024-11-23T15:52:42.566Z"}
{"level":"error","message":"Password is Not Matching","status":401,"timestamp":"2024-11-23T15:52:42.567Z"}
{"level":"error","message":"Password is Not Matching","status":401,"timestamp":"2024-11-23T15:52:44.866Z"}
{"level":"error","message":"Password is Not Matching","status":401,"timestamp":"2024-11-23T15:52:44.867Z"}
