{"level":"info","message":"mail transfered successfully","timestamp":"2024-10-17T19:00:49.360Z"}
{"level":"info","message":"otp=====","timestamp":"2024-10-17T19:00:49.360Z"}
{"level":"info","message":"Auth Db Connected SuccessFully","timestamp":"2024-10-17T19:02:27.877Z"}
{"level":"info","message":"Auth Db Connected SuccessFully","timestamp":"2024-10-17T19:09:07.191Z"}
{"level":"info","message":"Auth Db Connected SuccessFully","timestamp":"2024-10-17T19:10:52.370Z"}
{"level":"info","message":"Auth Db Connected SuccessFully","timestamp":"2024-10-17T19:10:54.690Z"}
{"level":"info","message":"Auth Db Connected SuccessFully","timestamp":"2024-10-17T19:10:57.273Z"}
{"level":"info","message":"Auth Db Connected SuccessFully","timestamp":"2024-10-17T19:11:00.372Z"}
{"level":"info","message":"Auth Db Connected SuccessFully","timestamp":"2024-10-17T19:11:06.025Z"}
{"level":"info","message":"Auth Db Connected SuccessFully","timestamp":"2024-10-17T19:11:10.302Z"}
{"level":"info","message":"Auth Db Connected SuccessFully","timestamp":"2024-10-17T19:11:14.058Z"}
{"level":"info","message":"Auth Db Connected SuccessFully","timestamp":"2024-10-17T19:11:17.971Z"}
{"level":"info","message":"mail transfered successfully","timestamp":"2024-10-17T19:13:17.079Z"}
{"level":"info","message":"otp=====","timestamp":"2024-10-17T19:13:17.080Z"}
{"level":"info","message":"Auth Db Connected SuccessFully","timestamp":"2024-10-17T19:15:45.424Z"}
{"level":"info","message":"Auth Db Connected SuccessFully","timestamp":"2024-10-17T19:15:54.224Z"}
{"level":"info","message":"Auth Db Connected SuccessFully","timestamp":"2024-10-17T19:15:56.547Z"}
{"level":"info","message":"Auth Db Connected SuccessFully","timestamp":"2024-10-17T19:16:31.082Z"}
{"level":"info","message":"Auth Db Connected SuccessFully","timestamp":"2024-10-17T19:16:35.064Z"}
{"level":"info","message":"Auth Db Connected SuccessFully","timestamp":"2024-10-17T19:16:45.909Z"}
{"level":"info","message":"Auth Db Connected SuccessFully","timestamp":"2024-10-17T19:16:49.749Z"}
{"level":"info","message":"Auth Db Connected SuccessFully","timestamp":"2024-10-17T19:16:52.836Z"}
{"level":"info","message":"Auth Db Connected SuccessFully","timestamp":"2024-10-17T19:16:58.162Z"}
{"level":"info","message":"Auth Db Connected SuccessFully","timestamp":"2024-10-17T19:17:02.876Z"}
{"level":"info","message":"Auth Db Connected SuccessFully","timestamp":"2024-10-17T19:17:05.271Z"}
{"level":"info","message":"Auth Db Connected SuccessFully","timestamp":"2024-10-17T19:17:08.646Z"}
{"level":"info","message":"Auth Db Connected SuccessFully","timestamp":"2024-10-17T19:17:13.722Z"}
{"level":"info","message":"Auth Db Connected SuccessFully","timestamp":"2024-10-17T19:20:48.050Z"}
{"level":"info","message":"Auth Db Connected SuccessFully","timestamp":"2024-10-17T19:20:51.367Z"}
{"level":"info","message":"Auth Db Connected SuccessFully","timestamp":"2024-10-17T19:20:53.886Z"}
{"level":"info","message":"Auth Db Connected SuccessFully","timestamp":"2024-10-17T19:20:56.075Z"}
{"level":"info","message":"Auth Db Connected SuccessFully","timestamp":"2024-10-17T19:20:59.117Z"}
{"level":"info","message":"Auth Db Connected SuccessFully","timestamp":"2024-10-17T19:21:02.487Z"}
{"level":"info","message":"Auth Db Connected SuccessFully","timestamp":"2024-10-17T19:21:04.730Z"}
{"level":"info","message":"Auth Db Connected SuccessFully","timestamp":"2024-10-17T19:21:11.712Z"}
{"level":"info","message":"Auth Db Connected SuccessFully","timestamp":"2024-10-17T19:21:19.165Z"}
{"level":"info","message":"Auth Db Connected SuccessFully","timestamp":"2024-10-17T19:25:42.360Z"}
{"level":"info","message":"Auth Db Connected SuccessFully","timestamp":"2024-10-17T19:26:00.063Z"}
{"level":"info","message":"mail transfered successfully","timestamp":"2024-10-17T19:27:39.946Z"}
{"level":"info","message":"Auth Db Connected SuccessFully","timestamp":"2024-10-17T19:28:58.102Z"}
{"level":"info","message":"Auth Db Connected SuccessFully","timestamp":"2024-10-17T19:29:02.104Z"}
{"level":"info","message":"Auth Db Connected SuccessFully","timestamp":"2024-10-17T19:29:09.158Z"}
{"level":"info","message":"Auth Db Connected SuccessFully","timestamp":"2024-10-17T19:29:11.348Z"}
{"level":"info","message":"Auth Db Connected SuccessFully","timestamp":"2024-10-17T19:29:13.814Z"}
{"level":"info","message":"Auth Db Connected SuccessFully","timestamp":"2024-10-17T19:29:23.514Z"}
{"level":"info","message":"Auth Db Connected SuccessFully","timestamp":"2024-10-17T19:29:26.524Z"}
{"level":"info","message":"Auth Db Connected SuccessFully","timestamp":"2024-10-17T19:29:29.760Z"}
{"level":"info","message":"Auth Db Connected SuccessFully","timestamp":"2024-10-17T19:29:34.734Z"}
{"level":"info","message":"Auth Db Connected SuccessFully","timestamp":"2024-10-17T19:29:39.504Z"}
{"level":"info","message":"Auth Db Connected SuccessFully","timestamp":"2024-10-17T19:29:52.137Z"}
{"level":"info","message":"Auth Db Connected SuccessFully","timestamp":"2024-10-17T19:29:58.690Z"}
{"level":"info","message":"Auth Db Connected SuccessFully","timestamp":"2024-10-17T19:30:06.231Z"}
{"level":"info","message":"Auth Db Connected SuccessFully","timestamp":"2024-10-17T19:30:11.325Z"}
{"level":"info","message":"Auth Db Connected SuccessFully","timestamp":"2024-10-17T19:30:15.620Z"}
{"level":"info","message":"Auth Db Connected SuccessFully","timestamp":"2024-10-17T19:30:20.511Z"}
{"level":"info","message":"RESEND OTP","timestamp":"2024-10-17T19:31:23.567Z"}
{"level":"info","message":"mail transfered successfully","timestamp":"2024-10-17T19:31:26.327Z"}
{"level":"info","message":"mail transfered successfully","timestamp":"2024-10-17T19:34:35.916Z"}
{"level":"info","message":"otp=====","timestamp":"2024-10-17T19:34:35.917Z"}
{"level":"info","message":"mail transfered successfully","timestamp":"2024-10-17T19:40:02.529Z"}
{"level":"info","message":"otp=====","timestamp":"2024-10-17T19:40:02.529Z"}
{"level":"info","message":"mail transfered successfully","timestamp":"2024-10-17T19:43:12.631Z"}
{"level":"info","message":"otp=====","timestamp":"2024-10-17T19:43:12.631Z"}
{"level":"info","message":"mail transfered successfully","timestamp":"2024-10-17T19:46:58.656Z"}
{"level":"info","message":"otp=====","timestamp":"2024-10-17T19:46:58.657Z"}
{"level":"info","message":"mail transfered successfully","timestamp":"2024-10-17T19:53:13.649Z"}
{"level":"info","message":"otp=====","timestamp":"2024-10-17T19:53:13.649Z"}
{"level":"info","message":"mail transfered successfully","timestamp":"2024-10-17T20:02:34.607Z"}
{"level":"info","message":"otp=====","timestamp":"2024-10-17T20:02:34.608Z"}
{"level":"info","message":"mail transfered successfully","timestamp":"2024-10-17T20:05:08.090Z"}
{"level":"info","message":"otp=====","timestamp":"2024-10-17T20:05:08.090Z"}
{"level":"info","message":"RESEND OTP","timestamp":"2024-10-17T20:06:10.656Z"}
{"level":"info","message":"mail transfered successfully","timestamp":"2024-10-17T20:06:13.217Z"}
{"level":"info","message":"mail transfered successfully","timestamp":"2024-10-17T20:06:50.618Z"}
{"level":"info","message":"otp=====","timestamp":"2024-10-17T20:06:50.618Z"}
{"level":"info","message":"Auth Db Connected SuccessFully","timestamp":"2024-10-19T03:58:14.280Z"}
{"level":"info","message":"Auth Db Connected SuccessFully","timestamp":"2024-10-19T16:57:12.637Z"}
{"level":"info","message":"mail transfered successfully","timestamp":"2024-10-19T17:01:36.627Z"}
{"level":"info","message":"otp=====","timestamp":"2024-10-19T17:01:36.628Z"}
{"level":"info","message":"mail transfered successfully","timestamp":"2024-10-20T04:28:09.610Z"}
{"level":"info","message":"otp=====","timestamp":"2024-10-20T04:28:09.615Z"}
{"level":"info","message":"mail transfered successfully","timestamp":"2024-10-20T04:32:09.439Z"}
{"level":"info","message":"otp=====","timestamp":"2024-10-20T04:32:09.440Z"}
{"level":"info","message":"mail transfered successfully","timestamp":"2024-10-20T04:40:35.130Z"}
{"level":"info","message":"otp=====","timestamp":"2024-10-20T04:40:35.131Z"}
{"level":"info","message":"mail transfered successfully","timestamp":"2024-10-20T04:45:53.694Z"}
{"level":"info","message":"otp=====","timestamp":"2024-10-20T04:45:53.695Z"}
{"level":"info","message":"mail transfered successfully","timestamp":"2024-10-20T05:41:32.414Z"}
{"level":"info","message":"otp=====","timestamp":"2024-10-20T05:41:32.415Z"}
{"level":"info","message":"mail transfered successfully","timestamp":"2024-10-20T05:44:31.943Z"}
{"level":"info","message":"otp=====","timestamp":"2024-10-20T05:44:31.943Z"}
{"level":"info","message":"mail transfered successfully","timestamp":"2024-10-20T05:46:49.851Z"}
{"level":"info","message":"otp=====","timestamp":"2024-10-20T05:46:49.851Z"}
{"level":"info","message":"mail transfered successfully","timestamp":"2024-10-20T05:50:54.580Z"}
{"level":"info","message":"otp=====","timestamp":"2024-10-20T05:50:54.581Z"}
{"level":"info","message":"mail transfered successfully","timestamp":"2024-10-20T05:57:09.325Z"}
{"level":"info","message":"otp=====","timestamp":"2024-10-20T05:57:09.325Z"}
{"level":"info","message":"mail transfered successfully","timestamp":"2024-10-20T06:14:03.943Z"}
{"level":"info","message":"otp=====","timestamp":"2024-10-20T06:14:03.943Z"}
{"level":"info","message":"mail transfered successfully","timestamp":"2024-10-20T06:17:49.588Z"}
{"level":"info","message":"otp=====","timestamp":"2024-10-20T06:17:49.589Z"}
{"level":"info","message":"mail transfered successfully","timestamp":"2024-10-20T06:20:17.159Z"}
{"level":"info","message":"otp=====","timestamp":"2024-10-20T06:20:17.159Z"}
{"level":"info","message":"mail transfered successfully","timestamp":"2024-10-20T06:28:35.857Z"}
{"level":"info","message":"otp=====","timestamp":"2024-10-20T06:28:35.857Z"}
{"level":"info","message":"mail transfered successfully","timestamp":"2024-10-20T06:29:51.973Z"}
{"level":"info","message":"otp=====","timestamp":"2024-10-20T06:29:51.973Z"}
{"level":"info","message":"mail transfered successfully","timestamp":"2024-10-20T06:33:07.364Z"}
{"level":"info","message":"otp=====","timestamp":"2024-10-20T06:33:07.365Z"}
{"level":"info","message":"mail transfered successfully","timestamp":"2024-10-20T06:33:56.322Z"}
{"level":"info","message":"otp=====","timestamp":"2024-10-20T06:33:56.323Z"}
{"level":"info","message":"mail transfered successfully","timestamp":"2024-10-20T07:02:03.453Z"}
{"level":"info","message":"otp=====","timestamp":"2024-10-20T07:02:03.454Z"}
{"level":"info","message":"mail transfered successfully","timestamp":"2024-10-20T07:06:52.596Z"}
{"level":"info","message":"otp=====","timestamp":"2024-10-20T07:06:52.596Z"}
{"level":"info","message":"mail transfered successfully","timestamp":"2024-10-20T07:13:49.188Z"}
{"level":"info","message":"otp=====","timestamp":"2024-10-20T07:13:49.189Z"}
{"level":"info","message":"mail transfered successfully","timestamp":"2024-10-20T07:24:30.179Z"}
{"level":"info","message":"otp=====","timestamp":"2024-10-20T07:24:30.180Z"}
{"level":"info","message":"mail transfered successfully","timestamp":"2024-10-20T07:30:20.468Z"}
{"level":"info","message":"otp=====","timestamp":"2024-10-20T07:30:20.468Z"}
{"level":"info","message":"mail transfered successfully","timestamp":"2024-10-20T08:48:39.667Z"}
{"level":"info","message":"otp=====","timestamp":"2024-10-20T08:48:39.668Z"}
{"level":"info","message":"mail transfered successfully","timestamp":"2024-10-20T08:50:27.885Z"}
{"level":"info","message":"otp=====","timestamp":"2024-10-20T08:50:27.885Z"}
{"level":"info","message":"mail transfered successfully","timestamp":"2024-10-20T08:51:52.251Z"}
{"level":"info","message":"otp=====","timestamp":"2024-10-20T08:51:52.251Z"}
{"level":"info","message":"mail transfered successfully","timestamp":"2024-10-20T09:15:04.817Z"}
{"level":"info","message":"otp=====","timestamp":"2024-10-20T09:15:04.818Z"}
{"level":"info","message":"mail transfered successfully","timestamp":"2024-10-20T09:16:50.507Z"}
{"level":"info","message":"otp=====","timestamp":"2024-10-20T09:16:50.507Z"}
{"level":"info","message":"Auth Db Connected SuccessFully","timestamp":"2024-10-20T09:52:36.237Z"}
{"level":"info","message":"mail transfered successfully","timestamp":"2024-10-20T09:57:16.090Z"}
{"level":"info","message":"otp=====","timestamp":"2024-10-20T09:57:16.094Z"}
{"level":"info","message":"mail transfered successfully","timestamp":"2024-10-20T09:59:19.001Z"}
{"level":"info","message":"otp=====","timestamp":"2024-10-20T09:59:19.002Z"}
{"level":"info","message":"mail transfered successfully","timestamp":"2024-10-20T10:21:11.574Z"}
{"level":"info","message":"otp=====","timestamp":"2024-10-20T10:21:11.577Z"}
{"level":"info","message":"mail transfered successfully","timestamp":"2024-10-20T10:37:56.840Z"}
{"level":"info","message":"otp=====","timestamp":"2024-10-20T10:37:56.859Z"}
{"level":"info","message":"Auth Db Connected SuccessFully","timestamp":"2024-10-21T04:26:19.910Z"}
{"level":"info","message":"Auth Db Connected SuccessFully","timestamp":"2024-10-21T04:57:34.818Z"}
{"level":"info","message":"Auth Db Connected SuccessFully","timestamp":"2024-10-21T04:57:43.632Z"}
{"level":"info","message":"Auth Db Connected SuccessFully","timestamp":"2024-10-21T04:57:49.175Z"}
{"__v":0,"_id":"66cb2fd8ac3799b036181fcb","currentLocation":{"coordinates":[],"type":"point"},"editRequest":false,"email":"arun@gmail.com","exp":1729657771,"iat":1729484971,"isAccepted":true,"isBlocked":false,"isProfileComplete":true,"isVerified":true,"level":"info","license_Img":"abaf0692b1c18fa51a3b7c0e1d6bbce26cbdbdad43eefb062b3e5c3583c6aa55","license_Number":"KL67986HJSHJASA","message":"decode","name":"arun","password":"$2b$10$3aHfkgyxqTFkgMkOcADhPOGidc9HX78kHsCMiEISZLDGoJZqLVGOC","phone":9988776655,"profileImg":"583eda8ff128d57bfb3c70c2b9cc2dcff556dacb0ab8bd2fe1e9bfd05e79ee0f","role":"DRIVER","timestamp":"2024-10-21T05:05:54.983Z","updatedAt":"2024-10-08T08:04:09.682Z","vehicleDetails":{"_id":"66e8632de3a6c0451c106bf5","rc_Number":"KL 48 N 9876","vehicle_type":"Auto"},"wallet":0}
{"level":"info","message":"name","timestamp":"2024-10-21T05:23:05.663Z"}
{"level":"info","message":"name","timestamp":"2024-10-21T05:23:11.024Z"}
{"level":"info","message":"name","timestamp":"2024-10-21T05:23:21.629Z"}
{"level":"info","message":"Auth Db Connected SuccessFully","timestamp":"2024-10-21T13:45:04.158Z"}
{"level":"info","message":"Auth Db Connected SuccessFully","timestamp":"2024-10-21T13:45:47.277Z"}
{"level":"info","message":"name","timestamp":"2024-10-21T13:49:33.414Z"}
{"level":"info","message":"Auth Db Connected SuccessFully","timestamp":"2024-10-23T04:02:27.904Z"}
{"level":"info","message":"name","timestamp":"2024-10-23T04:06:45.636Z"}
{"level":"info","message":"Auth Db Connected SuccessFully","timestamp":"2024-11-09T14:45:45.848Z"}
{"level":"info","message":"mail transfered successfully","timestamp":"2024-11-09T14:49:42.716Z"}
{"level":"info","message":"otp=====","timestamp":"2024-11-09T14:49:42.717Z"}
{"level":"info","message":"Auth Db Connected SuccessFully","timestamp":"2024-11-10T08:26:38.195Z"}
{"level":"info","message":"Driver--OTP","timestamp":"2024-11-10T09:13:40.585Z"}
{"level":"info","message":"mail transfered successfully","timestamp":"2024-11-10T09:13:43.293Z"}
{"__v":0,"_id":"6730794784be23ab19f9e290","createdAt":"2024-11-10T09:13:43.308Z","currentLocation":{"coordinates":[],"type":"point"},"editRequest":false,"email":"karun@gmail.com","exp":1731403746,"iat":1731230946,"isAccepted":false,"isBlocked":false,"isProfileComplete":false,"isVerified":true,"level":"info","license_Img":"nill","license_Number":"nill","message":"decode","name":"karun","password":"$2b$10$bFH8BYGaLtSIvdurkt1by.O4Ft9oeFO3T.rnr8gaexlbvouCL6q8m","phone":6283920111,"role":"DRIVER","timestamp":"2024-11-10T09:36:49.982Z","updatedAt":"2024-11-10T09:14:01.873Z","vehicleDetails":{"_id":"6730794784be23ab19f9e291","permit":"nill","rc_Number":"nill","vehicle_type":"nill"},"walletBalance":0}
{"level":"info","message":"Auth Db Connected SuccessFully","timestamp":"2024-11-10T10:38:48.980Z"}
{"level":"info","message":"Driver--OTP","timestamp":"2024-11-10T10:41:05.748Z"}
{"level":"info","message":"mail transfered successfully","timestamp":"2024-11-10T10:41:09.387Z"}
{"level":"info","message":"Auth Db Connected SuccessFully","timestamp":"2024-11-10T10:42:48.016Z"}
{"level":"info","message":"Auth Db Connected SuccessFully","timestamp":"2024-11-10T10:42:51.148Z"}
{"level":"info","message":"Auth Db Connected SuccessFully","timestamp":"2024-11-10T10:44:08.244Z"}
{"level":"info","message":"Auth Db Connected SuccessFully","timestamp":"2024-11-10T10:44:11.278Z"}
{"level":"info","message":"Auth Db Connected SuccessFully","timestamp":"2024-11-10T10:44:21.020Z"}
{"level":"info","message":"Auth Db Connected SuccessFully","timestamp":"2024-11-10T12:03:47.635Z"}
{"level":"info","message":"Auth Db Connected SuccessFully","timestamp":"2024-11-10T12:04:39.860Z"}
{"level":"info","message":"Auth Db Connected SuccessFully","timestamp":"2024-11-10T12:04:52.457Z"}
{"level":"info","message":"Auth Db Connected SuccessFully","timestamp":"2024-11-10T12:05:45.396Z"}
{"level":"info","message":"Auth Db Connected SuccessFully","timestamp":"2024-11-10T12:06:04.958Z"}
{"level":"info","message":"Auth Db Connected SuccessFully","timestamp":"2024-11-10T12:06:18.885Z"}
{"level":"info","message":"Auth Db Connected SuccessFully","timestamp":"2024-11-10T12:06:38.134Z"}
{"level":"info","message":"Auth Db Connected SuccessFully","timestamp":"2024-11-10T12:06:42.437Z"}
{"level":"info","message":"Auth Db Connected SuccessFully","timestamp":"2024-11-10T12:06:47.631Z"}
{"level":"info","message":"Auth Db Connected SuccessFully","timestamp":"2024-11-10T12:06:57.083Z"}
{"level":"info","message":"Auth Db Connected SuccessFully","timestamp":"2024-11-10T12:07:02.611Z"}
{"level":"info","message":"Auth Db Connected SuccessFully","timestamp":"2024-11-10T12:08:02.619Z"}
{"level":"info","message":"Auth Db Connected SuccessFully","timestamp":"2024-11-10T12:08:13.953Z"}
{"level":"info","message":"Auth Db Connected SuccessFully","timestamp":"2024-11-10T12:08:17.720Z"}
{"level":"info","message":"Auth Db Connected SuccessFully","timestamp":"2024-11-10T12:08:27.661Z"}
{"level":"info","message":"Auth Db Connected SuccessFully","timestamp":"2024-11-10T12:08:31.306Z"}
{"level":"info","message":"Auth Db Connected SuccessFully","timestamp":"2024-11-10T12:09:28.131Z"}
{"level":"info","message":"Auth Db Connected SuccessFully","timestamp":"2024-11-10T12:09:42.920Z"}
{"level":"info","message":"Auth Db Connected SuccessFully","timestamp":"2024-11-10T12:09:51.573Z"}
{"level":"info","message":"Auth Db Connected SuccessFully","timestamp":"2024-11-10T12:09:57.107Z"}
{"level":"info","message":"Auth Db Connected SuccessFully","timestamp":"2024-11-10T12:10:06.172Z"}
{"level":"info","message":"Auth Db Connected SuccessFully","timestamp":"2024-11-10T12:10:18.918Z"}
{"level":"info","message":"Auth Db Connected SuccessFully","timestamp":"2024-11-10T12:10:43.597Z"}
{"level":"info","message":"Auth Db Connected SuccessFully","timestamp":"2024-11-10T12:11:01.119Z"}
{"level":"info","message":"Auth Db Connected SuccessFully","timestamp":"2024-11-10T12:11:21.179Z"}
{"level":"info","message":"Auth Db Connected SuccessFully","timestamp":"2024-11-10T12:11:26.194Z"}
{"level":"info","message":"Auth Db Connected SuccessFully","timestamp":"2024-11-10T12:11:48.622Z"}
{"level":"info","message":"Auth Db Connected SuccessFully","timestamp":"2024-11-10T12:12:06.557Z"}
{"level":"info","message":"Auth Db Connected SuccessFully","timestamp":"2024-11-10T12:12:36.495Z"}
{"level":"info","message":"Auth Db Connected SuccessFully","timestamp":"2024-11-10T12:12:47.405Z"}
{"level":"info","message":"Auth Db Connected SuccessFully","timestamp":"2024-11-10T12:13:18.022Z"}
{"level":"info","message":"Auth Db Connected SuccessFully","timestamp":"2024-11-10T12:13:32.462Z"}
{"level":"info","message":"Auth Db Connected SuccessFully","timestamp":"2024-11-10T12:14:54.225Z"}
{"level":"info","message":"Auth Db Connected SuccessFully","timestamp":"2024-11-10T12:15:06.057Z"}
{"level":"info","message":"Auth Db Connected SuccessFully","timestamp":"2024-11-10T12:16:09.457Z"}
{"level":"info","message":"Auth Db Connected SuccessFully","timestamp":"2024-11-10T12:16:55.221Z"}
{"level":"info","message":"Auth Db Connected SuccessFully","timestamp":"2024-11-10T12:16:59.665Z"}
{"level":"info","message":"name","timestamp":"2024-11-10T12:18:02.179Z"}
{"level":"info","message":"name","timestamp":"2024-11-10T12:18:08.259Z"}
{"level":"info","message":"name","timestamp":"2024-11-10T12:18:18.980Z"}
{"level":"info","message":"name","timestamp":"2024-11-10T12:18:24.543Z"}
{"level":"info","message":"name","timestamp":"2024-11-10T12:18:43.812Z"}
{"level":"info","message":"Auth Db Connected SuccessFully","timestamp":"2024-11-10T12:24:38.035Z"}
{"level":"info","message":"Auth Db Connected SuccessFully","timestamp":"2024-11-10T12:53:36.877Z"}
{"__v":0,"_id":"66cb2fd8ac3799b036181fcb","currentLocation":{"coordinates":[],"type":"point"},"editRequest":false,"email":"arun@gmail.com","exp":1731414284,"iat":1731241484,"isAccepted":true,"isBlocked":false,"isProfileComplete":true,"isVerified":true,"level":"info","license_Img":"abaf0692b1c18fa51a3b7c0e1d6bbce26cbdbdad43eefb062b3e5c3583c6aa55","license_Number":"KL67986HJSHJASA","message":"decode","name":"arun","password":"$2b$10$3aHfkgyxqTFkgMkOcADhPOGidc9HX78kHsCMiEISZLDGoJZqLVGOC","phone":9988776655,"profileImg":"583eda8ff128d57bfb3c70c2b9cc2dcff556dacb0ab8bd2fe1e9bfd05e79ee0f","role":"DRIVER","timestamp":"2024-11-10T17:16:48.636Z","updatedAt":"2024-11-10T12:20:14.185Z","vehicleDetails":{"_id":"66e8632de3a6c0451c106bf5","rc_Number":"KL 48 N 9876","vehicle_type":"Auto"},"wallet":0}
{"__v":0,"_id":"66cb2fd8ac3799b036181fcb","currentLocation":{"coordinates":[],"type":"point"},"editRequest":false,"email":"arun@gmail.com","exp":1731431916,"iat":1731259116,"isAccepted":true,"isBlocked":false,"isProfileComplete":true,"isVerified":true,"level":"info","license_Img":"abaf0692b1c18fa51a3b7c0e1d6bbce26cbdbdad43eefb062b3e5c3583c6aa55","license_Number":"KL67986HJSHJASA","message":"decode","name":"arun","password":"$2b$10$3aHfkgyxqTFkgMkOcADhPOGidc9HX78kHsCMiEISZLDGoJZqLVGOC","phone":9988776655,"profileImg":"583eda8ff128d57bfb3c70c2b9cc2dcff556dacb0ab8bd2fe1e9bfd05e79ee0f","role":"DRIVER","timestamp":"2024-11-10T17:20:14.382Z","updatedAt":"2024-11-10T12:20:14.185Z","vehicleDetails":{"_id":"66e8632de3a6c0451c106bf5","rc_Number":"KL 48 N 9876","vehicle_type":"Auto"},"wallet":0}
{"__v":0,"_id":"66cb2fd8ac3799b036181fcb","currentLocation":{"coordinates":[],"type":"point"},"editRequest":false,"email":"arun@gmail.com","exp":1731432332,"iat":1731259532,"isAccepted":true,"isBlocked":false,"isProfileComplete":true,"isVerified":true,"level":"info","license_Img":"abaf0692b1c18fa51a3b7c0e1d6bbce26cbdbdad43eefb062b3e5c3583c6aa55","license_Number":"KL67986HJSHJASA","message":"decode","name":"arun","password":"$2b$10$3aHfkgyxqTFkgMkOcADhPOGidc9HX78kHsCMiEISZLDGoJZqLVGOC","phone":9988776655,"profileImg":"583eda8ff128d57bfb3c70c2b9cc2dcff556dacb0ab8bd2fe1e9bfd05e79ee0f","role":"DRIVER","timestamp":"2024-11-10T17:25:34.631Z","updatedAt":"2024-11-10T12:20:14.185Z","vehicleDetails":{"_id":"66e8632de3a6c0451c106bf5","rc_Number":"KL 48 N 9876","vehicle_type":"Auto"},"wallet":0}
{"level":"info","message":"Auth Db Connected SuccessFully","timestamp":"2024-11-12T12:02:10.400Z"}
{"level":"info","message":"Auth Db Connected SuccessFully","timestamp":"2024-11-12T15:02:16.786Z"}
{"level":"info","message":"Auth Db Connected SuccessFully","timestamp":"2024-11-16T17:24:09.740Z"}
{"level":"info","message":"Auth Db Connected SuccessFully","timestamp":"2024-11-21T15:30:59.856Z"}
{"level":"info","message":"mail transfered successfully","timestamp":"2024-11-21T15:51:15.217Z"}
{"level":"info","message":"otp=====","timestamp":"2024-11-21T15:51:15.219Z"}
{"level":"info","message":"mail transfered successfully","timestamp":"2024-11-21T17:36:56.262Z"}
{"level":"info","message":"otp=====","timestamp":"2024-11-21T17:36:56.266Z"}
{"level":"info","message":"RESEND OTP","timestamp":"2024-11-21T17:38:02.651Z"}
{"level":"info","message":"mail transfered successfully","timestamp":"2024-11-21T17:38:06.068Z"}
{"level":"info","message":"Auth Db Connected SuccessFully","timestamp":"2024-11-22T15:15:24.821Z"}
{"level":"info","message":"Auth Db Connected SuccessFully","timestamp":"2024-11-23T03:23:09.572Z"}
{"level":"info","message":"Auth Db Connected SuccessFully","timestamp":"2024-11-23T07:57:48.204Z"}
{"level":"info","message":"mail transfered successfully","timestamp":"2024-11-23T08:03:55.048Z"}
{"level":"info","message":"otp=====","timestamp":"2024-11-23T08:03:55.049Z"}
{"level":"info","message":"mail transfered successfully","timestamp":"2024-11-23T08:07:13.961Z"}
{"level":"info","message":"otp=====","timestamp":"2024-11-23T08:07:13.961Z"}
{"level":"info","message":"RESEND OTP","timestamp":"2024-11-23T08:38:54.216Z"}
{"level":"info","message":"mail transfered successfully","timestamp":"2024-11-23T08:38:59.232Z"}
{"level":"info","message":"mail transfered successfully","timestamp":"2024-11-23T08:39:23.425Z"}
{"level":"info","message":"otp=====","timestamp":"2024-11-23T08:39:23.425Z"}
{"level":"info","message":"mail transfered successfully","timestamp":"2024-11-23T08:40:20.536Z"}
{"level":"info","message":"otp=====","timestamp":"2024-11-23T08:40:20.536Z"}
{"level":"info","message":"mail transfered successfully","timestamp":"2024-11-23T08:47:53.611Z"}
{"level":"info","message":"otp=====","timestamp":"2024-11-23T08:47:53.612Z"}
{"level":"info","message":"RESEND OTP","timestamp":"2024-11-23T08:50:46.268Z"}
{"level":"info","message":"mail transfered successfully","timestamp":"2024-11-23T08:50:48.773Z"}
{"level":"info","message":"mail transfered successfully","timestamp":"2024-11-23T08:52:58.853Z"}
{"level":"info","message":"otp=====","timestamp":"2024-11-23T08:52:58.853Z"}
{"level":"info","message":"mail transfered successfully","timestamp":"2024-11-23T08:53:40.889Z"}
{"level":"info","message":"otp=====","timestamp":"2024-11-23T08:53:40.889Z"}
{"level":"info","message":"RESEND OTP","timestamp":"2024-11-23T08:54:46.516Z"}
{"level":"info","message":"mail transfered successfully","timestamp":"2024-11-23T08:54:49.933Z"}
{"level":"info","message":"RESEND OTP","timestamp":"2024-11-23T08:59:51.384Z"}
{"level":"info","message":"mail transfered successfully","timestamp":"2024-11-23T08:59:54.514Z"}
{"level":"info","message":"mail transfered successfully","timestamp":"2024-11-23T09:00:35.497Z"}
{"level":"info","message":"otp=====","timestamp":"2024-11-23T09:00:35.497Z"}
{"level":"info","message":"mail transfered successfully","timestamp":"2024-11-23T09:01:02.299Z"}
{"level":"info","message":"otp=====","timestamp":"2024-11-23T09:01:02.300Z"}
{"level":"info","message":"mail transfered successfully","timestamp":"2024-11-23T09:01:32.016Z"}
{"level":"info","message":"otp=====","timestamp":"2024-11-23T09:01:32.016Z"}
{"level":"info","message":"mail transfered successfully","timestamp":"2024-11-23T09:01:41.279Z"}
{"level":"info","message":"otp=====","timestamp":"2024-11-23T09:01:41.279Z"}
{"_id":"66cda578590b739750f92a1e","authType":"GOOGLE_AUTH","createdAt":"2024-08-27T10:07:52.117Z","email":"ashinjoy22@gmail.com","isBlocked":false,"isProfileComplete":false,"isVerified":true,"level":"info","message":"userDataToPublish","name":"ashin","phone":1231231221,"profileImg":"750a2c5dfd1b85ab86a42ef1da200a38f84813fc9d1ca567ba6848e3bbcc7d82","timestamp":"2024-11-23T15:32:15.415Z"}
{"key":"profileImg","level":"info","message":"url","timestamp":"2024-11-23T15:32:15.423Z","url":"https://driveproject-dev.s3.ap-south-1.amazonaws.com/750a2c5dfd1b85ab86a42ef1da200a38f84813fc9d1ca567ba6848e3bbcc7d82?X-Amz-Algorithm=AWS4-HMAC-SHA256&X-Amz-Content-Sha256=UNSIGNED-PAYLOAD&X-Amz-Credential=AKIAZI2LH3Z3PZGTHIJA%2F20241123%2Fap-south-1%2Fs3%2Faws4_request&X-Amz-Date=20241123T153215Z&X-Amz-Expires=3600&X-Amz-Signature=41ba7e5496ba05f8dfbdf5f87692c8ec277c9ce007559e17a05b7b2244408d0e&X-Amz-SignedHeaders=host&x-id=GetObject"}
{"level":"info","message":"Driver--OTP","timestamp":"2024-11-23T15:40:41.257Z"}
{"level":"info","message":"mail transfered successfully","timestamp":"2024-11-23T15:40:43.854Z"}
{"level":"info","message":"name","timestamp":"2024-11-23T15:52:42.463Z"}
{"level":"info","message":"name","timestamp":"2024-11-23T15:52:44.759Z"}
{"level":"info","message":"name","timestamp":"2024-11-23T15:54:20.387Z"}
{"_id":"6741f77b938b8ece39db6279","isAccepted":true,"level":"info","message":"dataToPublish","timestamp":"2024-11-23T15:54:58.073Z"}
{"__v":0,"_id":"6741f77b938b8ece39db6279","createdAt":"2024-11-23T15:40:43.870Z","currentLocation":{"coordinates":[],"type":"point"},"editRequest":false,"email":"vineeshj@gmail.com","exp":1732550114,"iat":1732377314,"isAccepted":true,"isBlocked":false,"isProfileComplete":true,"isVerified":true,"level":"info","license_Img":"14031628514b4285036b8e14a36f86bafda72268c132fc3da97738e4c71caebb","license_Number":"Kl53783287JHJHJ","message":"decode","name":"vineeshj","password":"$2b$10$oEy8mcNZkORgNmOHpSAGyOI4E4I01C9LHE8v4rVLjWdACFqq6GvVq","phone":3242311231,"profileImg":"d6b63502538ec6b8f3c2aad5177f4b65cff69812ff68e1ab94108aa615e8ce7c","role":"DRIVER","timestamp":"2024-11-23T15:55:58.269Z","updatedAt":"2024-11-23T15:54:58.022Z","vehicleDetails":{"_id":"6741f7a0938b8ece39db627e","permit":"b9b828c02cfabf2a1cb08b7054af63c7ad9777735f463cdd8734912916652366","rc_Number":"KL 42 B 6754","vehicle_type":"Auto"},"walletBalance":0}
